\BOOKMARK [0][-]{chapter*.2}{Wstep}{}% 1
\BOOKMARK [1][-]{section.0.1}{Motywacje}{chapter*.2}% 2
\BOOKMARK [1][-]{section.0.2}{Historia badan nad uk\233adami dynamicznymi}{chapter*.2}% 3
\BOOKMARK [2][-]{subsection.0.2.1}{Od starozytnosci do Newtona}{section.0.2}% 4
\BOOKMARK [2][-]{subsection.0.2.2}{Problem stabilnosci uk\233adu s\233onecznego}{section.0.2}% 5
\BOOKMARK [2][-]{subsection.0.2.3}{Lorenz i jego atraktor}{section.0.2}% 6
\BOOKMARK [2][-]{subsection.0.2.4}{Mandelbrodt i fraktale}{section.0.2}% 7
\BOOKMARK [2][-]{subsection.0.2.5}{Chaos}{section.0.2}% 8
\BOOKMARK [0][-]{chapter.1}{Definicje, lematy, twierdzenia, przyk\233ady i wnioski}{}% 9
\BOOKMARK [1][-]{section.1.1}{Definicje}{chapter.1}% 10
\BOOKMARK [2][-]{subsection.1.1.1}{Definicje i fakty og\363lne}{section.1.1}% 11
\BOOKMARK [2][-]{subsection.1.1.2}{Definicje dotyczace zwartych przestrzeni metrycznych}{section.1.1}% 12
\BOOKMARK [2][-]{subsection.1.1.3}{Fakty og\363lne, dotyczace zwartych przestrzeni metrycznych}{section.1.1}% 13
\BOOKMARK [2][-]{subsection.1.1.4}{Definicje dotyczace uk\233ad\363w dynamicznych}{section.1.1}% 14
\BOOKMARK [2][-]{subsection.1.1.5}{Definicje chaosu}{section.1.1}% 15
\BOOKMARK [2][-]{subsection.1.1.6}{Definicje utworzone na potrzeby dowodu twierdzenia o rozszerzaniu}{section.1.1}% 16
\BOOKMARK [1][-]{section.1.2}{Lematy}{chapter.1}% 17
\BOOKMARK [0][-]{chapter.2}{Twierdzenie o rozszerzaniu odwzorowan chaotycznych w sensie Devaney'a}{}% 18
\BOOKMARK [0][-]{chapter*.3}{Podsumowanie}{}% 19
\BOOKMARK [0][-]{chapter*.4}{Dodatek}{}% 20
\BOOKMARK [0][-]{section*.5}{Bibliografia}{}% 21
